6/18/2020 6:10:54 PM	This log contains information about the import schema operation into project 'AdventureWorksDW2017' on computer 'MAINWORK' by user 'Lance.Lendl'.
6/18/2020 6:10:54 PM	Import of database schema has started.
6/18/2020 6:10:58 PM	Gathering logins
6/18/2020 6:14:37 PM	Gathering database credentials
6/18/2020 6:14:37 PM	Gathering database options
6/18/2020 6:14:37 PM	Gathering generic database scoped configuration option
6/18/2020 6:14:37 PM	Gathering users
6/18/2020 6:14:37 PM	Gathering roles
6/18/2020 6:14:37 PM	Gathering application roles
6/18/2020 6:14:37 PM	Gathering role memberships
6/18/2020 6:14:37 PM	Gathering filegroups
6/18/2020 6:14:37 PM	Gathering full-text catalogs
6/18/2020 6:14:37 PM	Gathering assemblies
6/18/2020 6:14:37 PM	Gathering certificates
6/18/2020 6:14:37 PM	Gathering symmetric keys
6/18/2020 6:14:37 PM	Gathering encrypted symmetric keys
6/18/2020 6:14:37 PM	Gathering schemas
6/18/2020 6:14:37 PM	Gathering XML schema collections
6/18/2020 6:14:37 PM	Gathering user-defined data types
6/18/2020 6:14:37 PM	Gathering user-defined types
6/18/2020 6:14:37 PM	Gathering table types
6/18/2020 6:14:37 PM	Gathering unique keys for table types
6/18/2020 6:14:37 PM	Gathering primary keys for table types
6/18/2020 6:14:37 PM	Gathering indexes for table types
6/18/2020 6:14:37 PM	Gathering check constraints for table types
6/18/2020 6:14:37 PM	Gathering default constraints for table types
6/18/2020 6:14:37 PM	Gathering partition functions
6/18/2020 6:14:37 PM	Gathering partition schemes
6/18/2020 6:14:37 PM	Gathering functions
6/18/2020 6:14:37 PM	Gathering encrypted functions
6/18/2020 6:14:37 PM	Gathering aggregates
6/18/2020 6:14:38 PM	Gathering procedures
6/18/2020 6:14:38 PM	Gathering encrypted procedures
6/18/2020 6:14:38 PM	Gathering tables
6/18/2020 6:14:40 PM	Gathering primary keys
6/18/2020 6:14:40 PM	Gathering unique constraints
6/18/2020 6:14:40 PM	Gathering foreign keys
6/18/2020 6:14:40 PM	Gathering default constraints
6/18/2020 6:14:40 PM	Gathering check constraints
6/18/2020 6:14:40 PM	Gathering views
6/18/2020 6:14:40 PM	Gathering encrypted views
6/18/2020 6:14:41 PM	Gathering indexes
6/18/2020 6:14:41 PM	Gathering statistics
6/18/2020 6:14:41 PM	Gathering full-text index stoplists
6/18/2020 6:14:41 PM	Gathering search property lists
6/18/2020 6:14:41 PM	Gathering search properties
6/18/2020 6:14:41 PM	Gathering full-text indexes
6/18/2020 6:14:41 PM	Gathering column store indexes
6/18/2020 6:14:41 PM	Gathering spatial indexes
6/18/2020 6:14:41 PM	Gathering XML indexes
6/18/2020 6:14:41 PM	Gathering Selective XML indexes
6/18/2020 6:14:41 PM	Gathering encrypted triggers
6/18/2020 6:14:41 PM	Gathering triggers
6/18/2020 6:14:41 PM	Gathering encrypted and clr ddl triggers
6/18/2020 6:14:41 PM	Gathering ddl triggers
6/18/2020 6:14:41 PM	Creating edge constraints
6/18/2020 6:14:42 PM	Gathering synonyms
6/18/2020 6:14:42 PM	Gathering defaults
6/18/2020 6:14:42 PM	Gathering data constraint uddt bindings
6/18/2020 6:14:42 PM	Gathering rules
6/18/2020 6:14:42 PM	Gathering data constraint uddt bindings
6/18/2020 6:14:42 PM	Gathering message types
6/18/2020 6:14:42 PM	Gathering queues
6/18/2020 6:14:42 PM	Gathering contracts
6/18/2020 6:14:42 PM	Gathering services
6/18/2020 6:14:42 PM	Gathering event notifications
6/18/2020 6:14:42 PM	Gathering remote service bindings
6/18/2020 6:14:42 PM	Gathering broker priorities
6/18/2020 6:14:42 PM	Gathering signatures
6/18/2020 6:14:42 PM	Gathering data compression options
6/18/2020 6:14:42 PM	Gathering sequence types
6/18/2020 6:14:42 PM	Gathering security policies
6/18/2020 6:14:42 PM	Gather column encryption keys
6/18/2020 6:14:42 PM	Gathering column master keys
6/18/2020 6:14:42 PM	Gathering external data sources
6/18/2020 6:14:42 PM	Gathering external tables
6/18/2020 6:14:42 PM	Gathering database permissions
6/18/2020 6:14:43 PM	Gathering extended properties
6/18/2020 6:14:44 PM	Gathering logins
6/18/2020 6:14:45 PM	Scanning project for duplicate elements
6/18/2020 6:14:46 PM	Finished duplicate element processing
6/18/2020 6:14:47 PM	Finished importing database.
6/18/2020 6:14:47 PM	A summary of the import was saved to the following location: C:\DevOps\AdventureWorksDW2017\AdventureWorksDW2017\Import Schema Logs\AdventureWorksDW2017_20200618111054.log
6/18/2020 6:14:47 PM	Click Finish to continue...
